<?xml version='1.0' encoding='UTF-8'?>
<dataset>
  <table name="SS_USER">
    <column>ID</column>
    <column>CREATE_BY</column>
    <column>CREATE_TIME</column>
    <column>LAST_MODIFY_BY</column>
    <column>LAST_MODIFY_TIME</column>
    <column>EMAIL</column>
    <column>LOGIN_NAME</column>
    <column>NAME</column>
    <column>PLAIN_PASSWORD</column>
    <column>SHA_PASSWORD</column>
    <column>STATUS</column>
    <column>VERSION</column>
    <row>
      <value>1</value>
      <value>admin</value>
      <value><![CDATA[2009-07-11 08:52:25.805]]></value>
      <null/>
      <null/>
      <value>admin@springside.org.cn</value>
      <value>admin</value>
      <value>Admin</value>
      <value>admin</value>
      <value>d033e22ae348aeb5660fc2140aec35850c4da997</value>
      <value>enabled</value>
      <value>1</value>
    </row>
    <row>
      <value>2</value>
      <value>admin</value>
      <value><![CDATA[2009-07-11 08:52:25.809]]></value>
      <null/>
      <null/>
      <value>user@springside.org.cn</value>
      <value>user</value>
      <value>Calvin</value>
      <value>user</value>
      <value>12dea96fec20593566ab75692c9949596833adc9</value>
      <value>enabled</value>
      <value>1</value>
    </row>
    <row>
      <value>3</value>
      <value>admin</value>
      <value><![CDATA[2009-07-11 08:52:25.814]]></value>
      <null/>
      <null/>
      <value>jack@springside.org.cn</value>
      <value>user2</value>
      <value>Jack</value>
      <value>user2</value>
      <value>a1881c06eec96db9901c7bbfe41c42a3f08e9cb4</value>
      <value>enabled</value>
      <value>1</value>
    </row>
    <row>
      <value>4</value>
      <value>admin</value>
      <value><![CDATA[2009-07-11 08:52:25.818]]></value>
      <null/>
      <null/>
      <value>kate@springside.org.cn</value>
      <value>user3</value>
      <value>Kate</value>
      <value>user3</value>
      <value>0b7f849446d3383546d15a480966084442cd2193</value>
      <value>enabled</value>
      <value>1</value>
    </row>
    <row>
      <value>5</value>
      <value>admin</value>
      <value><![CDATA[2009-07-11 08:52:25.822]]></value>
      <null/>
      <null/>
      <value>sawyer@springside.org.cn</value>
      <value>user4</value>
      <value>Sawyer</value>
      <value>user4</value>
      <value>06e6eef6adf2e5f54ea6c43c376d6d36605f810e</value>
      <value>enabled</value>
      <value>1</value>
    </row>
    <row>
      <value>6</value>
      <value>admin</value>
      <value><![CDATA[2009-07-11 08:52:25.827]]></value>
      <null/>
      <null/>
      <value>ben@springside.org.cn</value>
      <value>user5</value>
      <value>Ben</value>
      <value>user5</value>
      <value>7d112681b8dd80723871a87ff506286613fa9cf6</value>
      <value>enabled</value>
      <value>1</value>
    </row>
  </table>
  <table name="SS_ROLE">
    <column>ID</column>
    <column>NAME</column>
    <row>
      <value>1</value>
      <value>Admin</value>
    </row>
    <row>
      <value>2</value>
      <value>User</value>
    </row>
  </table>
  <table name="SS_USER_ROLE">
    <column>USER_ID</column>
    <column>ROLE_ID</column>
    <row>
      <value>1</value>
      <value>1</value>
    </row>
    <row>
      <value>1</value>
      <value>2</value>
    </row>
    <row>
      <value>2</value>
      <value>2</value>
    </row>
    <row>
      <value>3</value>
      <value>2</value>
    </row>
    <row>
      <value>4</value>
      <value>2</value>
    </row>
    <row>
      <value>5</value>
      <value>2</value>
    </row>
    <row>
      <value>6</value>
      <value>2</value>
    </row>
  </table>
  <table name="SS_POST">
    <column>DTYPE</column>
    <column>ID</column>
    <column>CONTENT</column>
    <column>MODIFY_TIME</column>
    <column>TITLE</column>
    <column>USER_ID</column>
    <column>SUBJECT_ID</column>
    <row>
      <value>Subject</value>
      <value>1</value>
      <value><![CDATA[Hello World!!]]></value>
      <value><![CDATA[2009-07-18 00:45:14.988]]></value>
      <value>HelloWorld</value>
      <value>1</value>
      <null/>
    </row>
    <row>
      <value>Reply</value>
      <value>2</value>
      <value><![CDATA[Good Morning!!]]></value>
      <value><![CDATA[2009-07-19 02:18:28.988]]></value>
      <value>GoodMorning</value>
      <value>1</value>
      <value>1</value>
    </row>
  </table>
</dataset>
