<?xml version='1.0' encoding='UTF-8'?>
<dataset>
  <table name="USERS">
    <column>ID</column>
    <column>LOGIN_NAME</column>
    <column>PASSWORD</column>
    <column>NAME</column>
    <column>EMAIL</column>
    <column>STATUS</column>
    <column>VERSION</column>
    <column>CREATE_TIME</column>
    <column>CREATE_BY</column>
    <column>LAST_MODIFY_TIME</column>
    <column>LAST_MODIFY_BY</column>
    <row>
      <value>1</value>
      <value>admin</value>
      <value>admin</value>
      <value>Admin</value>
      <value>admin@springside.org.cn</value>
      <value>enabled</value>
      <value>1</value>
      <value><![CDATA[2009-07-11 08:52:25.805]]></value>
      <value>admin</value>
      <null/>
      <null/>
    </row>
    <row>
      <value>2</value>
      <value>user</value>
      <value>user</value>
      <value>Calvin</value>
      <value>user@springside.org.cn</value>
      <value>enabled</value>
      <value>1</value>
      <value><![CDATA[2009-07-11 08:52:25.809]]></value>
      <value>admin</value>
      <null/>
      <null/>
    </row>
    <row>
      <value>3</value>
      <value>user2</value>
      <value>user2</value>
      <value>Jack</value>
      <value>jack@springside.org.cn</value>
      <value>enabled</value>
      <value>1</value>
      <value><![CDATA[2009-07-11 08:52:25.814]]></value>
      <value>admin</value>
      <null/>
      <null/>
    </row>
    <row>
      <value>4</value>
      <value>user3</value>
      <value>user3</value>
      <value>Kate</value>
      <value>kate@springside.org.cn</value>
      <value>enabled</value>
      <value>1</value>
      <value><![CDATA[2009-07-11 08:52:25.818]]></value>
      <value>admin</value>
      <null/>
      <null/>
    </row>
    <row>
      <value>5</value>
      <value>user4</value>
      <value>user4</value>
      <value>Sawyer</value>
      <value>sawyer@springside.org.cn</value>
      <value>enabled</value>
      <value>1</value>
      <value><![CDATA[2009-07-11 08:52:25.822]]></value>
      <value>admin</value>
      <null/>
      <null/>
    </row>
    <row>
      <value>6</value>
      <value>user5</value>
      <value>user5</value>
      <value>Ben</value>
      <value>ben@springside.org.cn</value>
      <value>enabled</value>
      <value>1</value>
      <value><![CDATA[2009-07-11 08:52:25.827]]></value>
      <value>admin</value>
      <null/>
      <null/>
    </row>
  </table>
  <table name="ROLES">
    <column>ID</column>
    <column>NAME</column>
    <row>
      <value>1</value>
      <value>Admin</value>
    </row>
    <row>
      <value>2</value>
      <value>User</value>
    </row>
  </table>
  <table name="USERS_ROLES">
    <column>USER_ID</column>
    <column>ROLE_ID</column>
    <row>
      <value>1</value>
      <value>1</value>
    </row>
    <row>
      <value>1</value>
      <value>2</value>
    </row>
    <row>
      <value>2</value>
      <value>2</value>
    </row>
    <row>
      <value>3</value>
      <value>2</value>
    </row>
    <row>
      <value>4</value>
      <value>2</value>
    </row>
    <row>
      <value>5</value>
      <value>2</value>
    </row>
    <row>
      <value>6</value>
      <value>2</value>
    </row>
  </table>
  <table name="POSTS">
    <column>ID</column>
    <column>DTYPE</column>
    <column>TITLE</column>
    <column>CONTENT</column>
    <column>USER_ID</column>
    <row>
      <value>1</value>
      <value>Subject</value>
      <value>HelloWorld</value>
      <value><![CDATA[Hello World!!]]></value>
      <value>1</value>
    </row>
    <row>
      <value>2</value>
      <value>Reply</value>
      <value>GoodMorning</value>
      <value><![CDATA[Good Morning!!]]></value>
      <value>1</value>
    </row>
  </table>
</dataset>
