#set( $symbol_pound = '#' )
#set( $symbol_dollar = '$' )
#set( $symbol_escape = '\' )
<?xml version='1.0' encoding='UTF-8'?>
<dataset>
  <ss_role ID="1" NAME="管理员"/>
  <ss_role ID="2" NAME="用户"/>
  <ss_user ID="1" EMAIL="admin@springside.org.cn" LOGIN_NAME="admin" NAME="Admin" PASSWORD="admin"/>
  <ss_user ID="2" EMAIL="user@springside.org.cn" LOGIN_NAME="user" NAME="User" PASSWORD="user"/>
  <ss_user ID="3" EMAIL="jack@springside.org.cn" LOGIN_NAME="user2" NAME="Jack" PASSWORD="user2"/>
  <ss_user ID="4" EMAIL="kate@springside.org.cn" LOGIN_NAME="user3" NAME="Kate" PASSWORD="user3"/>
  <ss_user ID="5" EMAIL="sawyer@springside.org.cn" LOGIN_NAME="user4" NAME="Sawyer" PASSWORD="user4"/>
  <ss_user ID="6" EMAIL="ben@springside.org.cn" LOGIN_NAME="user5" NAME="Ben" PASSWORD="user5"/>
  <ss_user_role USER_ID="1" ROLE_ID="1"/>
  <ss_user_role USER_ID="1" ROLE_ID="2"/>
  <ss_user_role USER_ID="2" ROLE_ID="2"/>
  <ss_user_role USER_ID="3" ROLE_ID="2"/>
  <ss_user_role USER_ID="4" ROLE_ID="2"/>
  <ss_user_role USER_ID="5" ROLE_ID="2"/>
  <ss_user_role USER_ID="6" ROLE_ID="2"/>
</dataset>
